<?xml version="1.0" encoding="UTF-8"?>
<testng-results ignored="0" total="3" passed="3" failed="0" skipped="0">
  <reporter-output>
  </reporter-output>
  <suite started-at="2025-09-29T16:16:27 IST" name="Surefire suite" finished-at="2025-09-29T16:16:34 IST" duration-ms="7184">
    <groups>
    </groups>
    <test started-at="2025-09-29T16:16:27 IST" name="Surefire test" finished-at="2025-09-29T16:16:34 IST" duration-ms="7184">
      <class name="sdet.SeleniumTest">
        <test-method signature="f()[pri:0, instance:sdet.SeleniumTest@4d826d77]" started-at="2025-09-29T16:16:27 IST" name="f" finished-at="2025-09-29T16:16:34 IST" duration-ms="7089" status="PASS">
          <reporter-output>
          </reporter-output>
        </test-method> <!-- f -->
      </class> <!-- sdet.SeleniumTest -->
      <class name="sdet.AppTest">
        <test-method signature="testlogin1()[pri:0, instance:sdet.AppTest@6b53e23f]" started-at="2025-09-29T16:16:27 IST" name="testlogin1" finished-at="2025-09-29T16:16:27 IST" duration-ms="24" status="PASS">
          <reporter-output>
          </reporter-output>
        </test-method> <!-- testlogin1 -->
        <test-method signature="testlogin2()[pri:0, instance:sdet.AppTest@6b53e23f]" started-at="2025-09-29T16:16:27 IST" name="testlogin2" finished-at="2025-09-29T16:16:27 IST" duration-ms="0" status="PASS">
          <reporter-output>
          </reporter-output>
        </test-method> <!-- testlogin2 -->
      </class> <!-- sdet.AppTest -->
    </test> <!-- Surefire test -->
  </suite> <!-- Surefire suite -->
</testng-results>
