<?xml version="1.0" encoding="UTF-8"?>
<testng-results ignored="0" total="1" passed="1" failed="0" skipped="0">
  <reporter-output>
  </reporter-output>
  <suite started-at="2025-09-26T15:11:26 IST" name="Default suite" finished-at="2025-09-26T15:11:35 IST" duration-ms="8880">
    <groups>
    </groups>
    <test started-at="2025-09-26T15:11:26 IST" name="Default test" finished-at="2025-09-26T15:11:35 IST" duration-ms="8880">
      <class name="sdet.SeleniumTest">
        <test-method signature="f()[pri:0, instance:sdet.SeleniumTest@69e1dd28]" started-at="2025-09-26T15:11:26 IST" name="f" finished-at="2025-09-26T15:11:35 IST" duration-ms="8811" status="PASS">
          <reporter-output>
          </reporter-output>
        </test-method> <!-- f -->
      </class> <!-- sdet.SeleniumTest -->
    </test> <!-- Default test -->
  </suite> <!-- Default suite -->
</testng-results>
