<?xml version="1.0" encoding="UTF-8"?>
<testng-results ignored="0" total="1" passed="1" failed="0" skipped="0">
  <reporter-output>
  </reporter-output>
  <suite started-at="2025-10-15T20:45:01 IST" name="Default suite" finished-at="2025-10-15T20:45:08 IST" duration-ms="6985">
    <groups>
    </groups>
    <test started-at="2025-10-15T20:45:01 IST" name="Default test" finished-at="2025-10-15T20:45:08 IST" duration-ms="6985">
      <class name="sdet.SeleniumTest">
        <test-method signature="f()[pri:0, instance:sdet.SeleniumTest@69e1dd28]" started-at="2025-10-15T20:45:01 IST" name="f" finished-at="2025-10-15T20:45:08 IST" duration-ms="6931" status="PASS">
          <reporter-output>
          </reporter-output>
        </test-method> <!-- f -->
      </class> <!-- sdet.SeleniumTest -->
    </test> <!-- Default test -->
  </suite> <!-- Default suite -->
</testng-results>
